2022-03-11 21:52:04,098:WARNING:discord.client: PyNaCl is not installed, voice will NOT be supported
2022-03-11 21:52:04,098:DEBUG:discord.client: on_ready has successfully been registered as an event
2022-03-11 21:52:04,098:INFO:discord.client: logging in using static token
2022-03-11 21:52:04,601:DEBUG:discord.http: GET https://discord.com/api/v7/users/@me with None has returned 200
2022-03-11 21:52:04,601:DEBUG:discord.http: GET https://discord.com/api/v7/users/@me has received {'id': '950480498940051537', 'username': 'LeoMateoli', 'avatar': 'cce8a06a36a20e6d0497441b83533740', 'discriminator': '0456', 'public_flags': 0, 'flags': 0, 'bot': True, 'banner': None, 'banner_color': None, 'accent_color': None, 'bio': '', 'locale': 'en-US', 'mfa_enabled': True, 'email': None, 'verified': True}
2022-03-11 21:52:04,651:DEBUG:discord.http: GET https://discord.com/api/v7/gateway with None has returned 200
2022-03-11 21:52:04,652:DEBUG:discord.http: GET https://discord.com/api/v7/gateway has received {'url': 'wss://gateway.discord.gg'}
2022-03-11 21:52:04,909:DEBUG:discord.gateway: Created websocket connected to wss://gateway.discord.gg?encoding=json&v=6&compress=zlib-stream
2022-03-11 21:52:04,909:DEBUG:discord.client: Dispatching event socket_raw_receive
2022-03-11 21:52:04,909:DEBUG:discord.gateway: For Shard ID None: WebSocket Event: {'t': None, 's': None, 'op': 10, 'd': {'heartbeat_interval': 41250, '_trace': ['["gateway-prd-main-t1q7",{"micros":0.0}]']}}
2022-03-11 21:52:04,909:DEBUG:discord.client: Dispatching event socket_response
2022-03-11 21:52:04,909:DEBUG:discord.client: Dispatching event socket_raw_send
2022-03-11 21:52:04,909:DEBUG:discord.client: Dispatching event socket_raw_send
2022-03-11 21:52:04,909:INFO:discord.gateway: Shard ID None has sent the IDENTIFY payload.
2022-03-11 21:52:05,201:DEBUG:discord.client: Dispatching event socket_raw_receive
2022-03-11 21:52:05,201:DEBUG:discord.gateway: For Shard ID None: WebSocket Event: {'t': None, 's': None, 'op': 11, 'd': None}
2022-03-11 21:52:05,202:DEBUG:discord.client: Dispatching event socket_response
2022-03-11 21:52:05,202:DEBUG:discord.client: Dispatching event socket_raw_receive
2022-03-11 21:52:05,202:DEBUG:discord.gateway: For Shard ID None: WebSocket Event: {'t': 'READY', 's': 1, 'op': 0, 'd': {'v': 6, 'user_settings': {}, 'user': {'verified': True, 'username': 'LeoMateoli', 'mfa_enabled': True, 'id': '950480498940051537', 'flags': 0, 'email': None, 'discriminator': '0456', 'bot': True, 'avatar': 'cce8a06a36a20e6d0497441b83533740'}, 'session_id': '4a813c1aeba3606f28cc571511eb61b7', 'relationships': [], 'private_channels': [], 'presences': [], 'guilds': [{'unavailable': True, 'id': '852326540846563348'}, {'unavailable': True, 'id': '881664503052398623'}], 'guild_join_requests': [], 'geo_ordered_rtc_regions': ['atlanta', 'us-east', 'newark', 'us-south', 'us-central'], 'application': {'id': '950480498940051537', 'flags': 262144}, '_trace': ['["gateway-prd-main-t1q7",{"micros":121479,"calls":["discord-sessions-green-prd-2-153",{"micros":120645,"calls":["start_session",{"micros":87000,"calls":["discord-api-69f95fd7b5-9hl49",{"micros":79216,"calls":["get_user",{"micros":11337},"add_authorized_ip",{"micros":4807},"get_guilds",{"micros":12691},"coros_wait",{"micros":2}]}]},"guilds_connect",{"micros":2,"calls":[]},"presence_connect",{"micros":0,"calls":[]}]}]}]']}}
2022-03-11 21:52:05,202:DEBUG:discord.client: Dispatching event socket_response
2022-03-11 21:52:05,202:INFO:discord.gateway: Shard ID None has connected to Gateway: ["gateway-prd-main-t1q7",{"micros":121479,"calls":["discord-sessions-green-prd-2-153",{"micros":120645,"calls":["start_session",{"micros":87000,"calls":["discord-api-69f95fd7b5-9hl49",{"micros":79216,"calls":["get_user",{"micros":11337},"add_authorized_ip",{"micros":4807},"get_guilds",{"micros":12691},"coros_wait",{"micros":2}]}]},"guilds_connect",{"micros":2,"calls":[]},"presence_connect",{"micros":0,"calls":[]}]}]}] (Session ID: 4a813c1aeba3606f28cc571511eb61b7).
2022-03-11 21:52:05,219:DEBUG:discord.client: Dispatching event connect
2022-03-11 21:52:05,220:DEBUG:discord.client: Dispatching event socket_raw_receive
2022-03-11 21:52:05,222:DEBUG:discord.gateway: For Shard ID None: WebSocket Event: {'t': 'GUILD_CREATE', 's': 2, 'op': 0, 'd': {'name': 'Discord Para mi', 'joined_at': '2022-03-07T22:48:09.885360+00:00', 'nsfw_level': 0, 'nsfw': False, 'splash': None, 'region': 'deprecated', 'mfa_level': 0, 'lazy': True, 'verification_level': 0, 'max_members': 250000, 'premium_tier': 0, 'features': [], 'icon': None, 'stickers': [], 'max_video_channel_users': 25, 'vanity_url_code': None, 'presences': [], 'system_channel_id': '852326540846563351', 'premium_subscription_count': 0, 'afk_timeout': 300, 'guild_hashes': {'version': 1, 'roles': {'omitted': False, 'hash': 'DgG9+dnlDH0'}, 'metadata': {'omitted': False, 'hash': 'qQT+8mzfknM'}, 'channels': {'omitted': False, 'hash': 'qb+Nz/fRYDE'}}, 'premium_progress_bar_enabled': False, 'description': None, 'stage_instances': [], 'member_count': 3, 'banner': None, 'threads': [], 'emojis': [], 'system_channel_flags': 0, 'explicit_content_filter': 0, 'discovery_splash': None, 'members': [{'user': {'username': 'LeoMateoli', 'id': '950480498940051537', 'discriminator': '0456', 'bot': True, 'avatar': 'cce8a06a36a20e6d0497441b83533740'}, 'roles': ['950525293356019756'], 'premium_since': None, 'pending': False, 'nick': None, 'mute': False, 'joined_at': '2022-03-07T22:48:09.885360+00:00', 'hoisted_role': None, 'deaf': False, 'communication_disabled_until': None, 'avatar': None}], 'application_command_counts': {'3': 0, '2': 0, '1': 33}, 'voice_states': [], 'preferred_locale': 'en-US', 'id': '852326540846563348', 'rules_channel_id': None, 'application_id': None, 'hub_type': None, 'afk_channel_id': None, 'guild_scheduled_events': [], 'application_command_count': 33, 'unavailable': False, 'default_message_notifications': 0, 'public_updates_channel_id': None, 'embedded_activities': [], 'channels': [{'type': 4, 'position': 0, 'permission_overwrites': [], 'name': 'Canales de texto', 'id': '852326540846563349'}, {'type': 4, 'position': 0, 'permission_overwrites': [], 'name': 'Canales de voz', 'id': '852326540846563350'}, {'type': 0, 'topic': None, 'rate_limit_per_user': 0, 'position': 0, 'permission_overwrites': [], 'parent_id': '852326540846563349', 'name': 'general', 'last_message_id': '951345336142684160', 'id': '852326540846563351'}, {'user_limit': 0, 'type': 2, 'rtc_region': None, 'rate_limit_per_user': 0, 'position': 1, 'permission_overwrites': [], 'parent_id': '852326540846563350', 'name': 'General', 'last_message_id': None, 'id': '852326540846563352', 'bitrate': 64000}, {'type': 0, 'topic': None, 'rate_limit_per_user': 0, 'position': 1, 'permission_overwrites': [], 'parent_id': '852326540846563349', 'name': 'memes', 'last_message_id': '950068100567531533', 'id': '852326592822509578'}, {'type': 0, 'topic': None, 'rate_limit_per_user': 0, 'position': 2, 'permission_overwrites': [], 'parent_id': '852326540846563349', 'name': 'whallpeper', 'last_message_id': '939323916453838858', 'id': '852326618494926878'}, {'type': 0, 'topic': None, 'rate_limit_per_user': 0, 'position': 4, 'permission_overwrites': [], 'parent_id': '880593030233587712', 'nsfw': True, 'name': 'porno', 'last_message_id': '881367620958429224', 'id': '852326644525170729'}, {'user_limit': 0, 'type': 2, 'rtc_region': None, 'rate_limit_per_user': 0, 'position': 0, 'permission_overwrites': [], 'parent_id': '852326540846563349', 'name': 'a', 'last_message_id': None, 'id': '856751314829836308', 'bitrate': 96000}, {'type': 0, 'topic': None, 'rate_limit_per_user': 0, 'position': 3, 'permission_overwrites': [], 'parent_id': '880593030233587712', 'name': 'eia', 'last_message_id': '880601740154667048', 'id': '880592979797106728'}, {'type': 4, 'position': 1, 'permission_overwrites': [], 'name': 'aaaaa', 'id': '880593030233587712'}, {'type': 0, 'topic': None, 'rate_limit_per_user': 0, 'position': 5, 'permission_overwrites': [], 'parent_id': '852326540846563349', 'name': 'a', 'last_message_id': '930967968370790430', 'id': '930967958644211812'}, {'type': 0, 'topic': None, 'rate_limit_per_user': 0, 'position': 6, 'permission_overwrites': [], 'parent_id': '852326540846563349', 'name': 'scrips-archivos', 'last_message_id': '939389849566335007', 'id': '931413170021609503'}, {'user_limit': 0, 'type': 2, 'rtc_region': None, 'rate_limit_per_user': 0, 'position': 2, 'permission_overwrites': [], 'parent_id': '852326540846563350', 'name': 'a', 'last_message_id': None, 'id': '933044119826206770', 'bitrate': 64000}, {'type': 0, 'topic': None, 'rate_limit_per_user': 0, 'position': 7, 'permission_overwrites': [], 'parent_id': '852326540846563349', 'nsfw': False, 'name': 'cosas-roleplay', 'last_message_id': '937431968566607922', 'id': '937431853919527023'}, {'type': 4, 'position': 2, 'permission_overwrites': [], 'parent_id': None, 'nsfw': False, 'name': 'mama', 'id': '941459566422524004'}, {'type': 0, 'topic': None, 'rate_limit_per_user': 0, 'position': 8, 'permission_overwrites': [], 'parent_id': '941459566422524004', 'nsfw': False, 'name': 'fotos', 'last_message_id': '941459611280617482', 'id': '941459592343343145'}, {'type': 0, 'topic': None, 'rate_limit_per_user': 0, 'position': 9, 'permission_overwrites': [], 'parent_id': None, 'nsfw': False, 'name': 'notas-minios', 'last_message_id': '950472440314736641', 'id': '946251112225329222'}], 'roles': [{'unicode_emoji': None, 'position': 0, 'permissions_new': '1071698660929', 'permissions': 104320577, 'name': '@everyone', 'mentionable': False, 'managed': False, 'id': '852326540846563348', 'icon': None, 'hoist': False, 'color': 0}, {'unicode_emoji': None, 'tags': {'bot_id': '159985870458322944'}, 'position': 1, 'permissions_new': '1945627743', 'permissions': 1945627743, 'name': 'MEE6', 'mentionable': False, 'managed': True, 'id': '904153136346857593', 'icon': None, 'hoist': False, 'color': 0}, {'unicode_emoji': None, 'tags': {'bot_id': '950480498940051537'}, 'position': 1, 'permissions_new': '267640257', 'permissions': 267640257, 'name': 'LeoMateoli', 'mentionable': False, 'managed': True, 'id': '950525293356019756', 'icon': None, 'hoist': False, 'color': 0}], 'owner_id': '848254286437023805', 'large': False}}
2022-03-11 21:52:05,222:DEBUG:discord.client: Dispatching event socket_response
2022-03-11 21:52:05,222:DEBUG:discord.client: Dispatching event socket_raw_receive
2022-03-11 21:52:05,222:DEBUG:discord.gateway: For Shard ID None: WebSocket Event: {'t': 'GUILD_CREATE', 's': 3, 'op': 0, 'd': {'name': 'testing', 'joined_at': '2022-03-07T22:50:30.931000+00:00', 'nsfw_level': 0, 'nsfw': False, 'splash': None, 'region': 'deprecated', 'mfa_level': 0, 'lazy': True, 'verification_level': 0, 'max_members': 500000, 'premium_tier': 0, 'features': [], 'icon': None, 'stickers': [], 'max_video_channel_users': 25, 'vanity_url_code': None, 'presences': [], 'system_channel_id': '952031472397725797', 'premium_subscription_count': 0, 'afk_timeout': 300, 'guild_hashes': {'version': 1, 'roles': {'omitted': False, 'hash': 'Pm8boVh6HvU'}, 'metadata': {'omitted': False, 'hash': '4SZeiW2ZxEo'}, 'channels': {'omitted': False, 'hash': 'KKJnsTrfaV4'}}, 'premium_progress_bar_enabled': False, 'description': None, 'stage_instances': [], 'member_count': 7, 'banner': None, 'threads': [], 'emojis': [], 'system_channel_flags': 14, 'explicit_content_filter': 0, 'discovery_splash': None, 'members': [{'user': {'username': 'LeoMateoli', 'id': '950480498940051537', 'discriminator': '0456', 'bot': True, 'avatar': 'cce8a06a36a20e6d0497441b83533740'}, 'roles': ['950525884794826808'], 'mute': False, 'joined_at': '2022-03-07T22:50:30.931000+00:00', 'hoisted_role': None, 'deaf': False}], 'application_command_counts': {'3': 0, '2': 0, '1': 48}, 'voice_states': [], 'preferred_locale': 'en-US', 'id': '881664503052398623', 'rules_channel_id': None, 'application_id': None, 'hub_type': None, 'afk_channel_id': None, 'guild_scheduled_events': [], 'application_command_count': 48, 'unavailable': False, 'default_message_notifications': 0, 'public_updates_channel_id': None, 'embedded_activities': [], 'channels': [{'type': 4, 'position': 0, 'permission_overwrites': [], 'name': 'Canales de texto', 'id': '881664503052398624'}, {'type': 4, 'position': 0, 'permission_overwrites': [], 'name': 'Canales de voz', 'id': '881664503052398625'}, {'type': 0, 'topic': None, 'rate_limit_per_user': 0, 'position': 1, 'permission_overwrites': [], 'parent_id': '881664503052398624', 'nsfw': False, 'name': 'general', 'last_message_id': '952034188842901508', 'id': '881664503052398626'}, {'user_limit': 0, 'type': 2, 'rtc_region': None, 'rate_limit_per_user': 0, 'position': 0, 'permission_overwrites': [], 'parent_id': '881664503052398625', 'name': 'General', 'last_message_id': None, 'id': '881664503052398627', 'bitrate': 64000}, {'type': 0, 'topic': None, 'rate_limit_per_user': 0, 'position': 2, 'permission_overwrites': [{'type': 'role', 'id': '881664503052398623', 'deny_new': '1024', 'deny': 1024, 'allow_new': '0', 'allow': 0}], 'parent_id': '881664503052398624', 'nsfw': False, 'name': 'python-indexpy', 'last_message_id': '917457685316771851', 'id': '881726635429203990'}, {'type': 0, 'topic': None, 'rate_limit_per_user': 0, 'position': 3, 'permission_overwrites': [], 'parent_id': '881664503052398624', 'nsfw': False, 'name': 'a', 'last_message_id': '917459834734006302', 'id': '917458323324956682'}, {'type': 0, 'topic': None, 'rate_limit_per_user': 0, 'position': 4, 'permission_overwrites': [], 'parent_id': '881664503052398624', 'nsfw': False, 'name': 'linea', 'last_message_id': '950571107658920006', 'id': '950571049118994432'}, {'type': 0, 'topic': None, 'rate_limit_per_user': 0, 'position': 5, 'permission_overwrites': [{'type': 'role', 'id': '881664503052398623', 'deny_new': '1024', 'deny': 1024, 'allow_new': '0', 'allow': 0}, {'type': 'role', 'id': '951971508828397628', 'deny_new': '0', 'deny': 0, 'allow_new': '0', 'allow': 0}], 'parent_id': '881664503052398624', 'nsfw': False, 'name': 'datos-de-la-maquina', 'last_message_id': '951969557562679368', 'id': '951968494709268572'}, {'type': 0, 'topic': None, 'rate_limit_per_user': 0, 'position': 0, 'permission_overwrites': [], 'parent_id': None, 'nsfw': False, 'name': 'system-channel', 'last_message_id': None, 'id': '952031472397725797'}], 'roles': [{'unicode_emoji': None, 'position': 0, 'permissions_new': '1071698660929', 'permissions': 104320577, 'name': '@everyone', 'mentionable': False, 'managed': False, 'id': '881664503052398623', 'icon': None, 'hoist': False, 'color': 0}, {'unicode_emoji': None, 'tags': {'bot_id': '282859044593598464'}, 'position': 3, 'permissions_new': '2080374975', 'permissions': 2080374975, 'name': 'ProBot ✨', 'mentionable': False, 'managed': True, 'id': '881664649005760583', 'icon': None, 'hoist': False, 'color': 0}, {'unicode_emoji': None, 'tags': {'bot_id': '855543624426586122'}, 'position': 1, 'permissions_new': '27917233406', 'permissions': 2147429630, 'name': 'Pro-A-Bot', 'mentionable': False, 'managed': True, 'id': '881676583834910741', 'icon': None, 'hoist': False, 'color': 0}, {'unicode_emoji': None, 'tags': {'bot_id': '950480498940051537'}, 'position': 4, 'permissions_new': '202628297', 'permissions': 202628297, 'name': 'LeoMateoli', 'mentionable': False, 'managed': True, 'id': '950525884794826808', 'icon': None, 'hoist': False, 'color': 0}, {'unicode_emoji': None, 'position': 2, 'permissions_new': '1071698660937', 'permissions': 104320585, 'name': '+', 'mentionable': False, 'managed': False, 'id': '951971508828397628', 'icon': None, 'hoist': False, 'color': 0}], 'owner_id': '848254286437023805', 'large': False}}
2022-03-11 21:52:05,222:DEBUG:discord.client: Dispatching event socket_response
2022-03-11 21:52:05,222:DEBUG:discord.client: Dispatching event guild_available
2022-03-11 21:52:05,222:DEBUG:discord.client: Dispatching event guild_available
2022-03-11 21:52:07,230:DEBUG:discord.client: Dispatching event ready
2022-03-11 21:52:07,232:DEBUG:discord.gateway: Sending "{"op":3,"d":{"game":{"flags":0,"type":3,"name":"como vender organos"},"afk":false,"since":0.0,"status":"online"}}" to change status
2022-03-11 21:52:07,232:DEBUG:discord.client: Dispatching event socket_raw_send
2022-03-11 21:52:14,842:DEBUG:discord.client: Dispatching event socket_raw_receive
2022-03-11 21:52:14,842:DEBUG:discord.gateway: For Shard ID None: WebSocket Event: {'t': 'TYPING_START', 's': 4, 'op': 0, 'd': {'user_id': '889604243680530463', 'timestamp': 1647053534, 'member': {'user': {'username': 'Jack_', 'id': '889604243680530463', 'discriminator': '8060', 'avatar': 'd6858b6347a875d90b9464b0fb90e774'}, 'roles': ['951971508828397628'], 'premium_since': None, 'pending': False, 'nick': None, 'mute': False, 'joined_at': '2022-03-07T22:50:40.655000+00:00', 'hoisted_role': None, 'deaf': False, 'communication_disabled_until': None, 'avatar': None}, 'channel_id': '881664503052398626', 'guild_id': '881664503052398623'}}
2022-03-11 21:52:14,842:DEBUG:discord.client: Dispatching event socket_response
2022-03-11 21:52:14,842:DEBUG:discord.client: Dispatching event typing
2022-03-11 21:52:15,815:DEBUG:discord.client: Dispatching event socket_raw_receive
2022-03-11 21:52:15,815:DEBUG:discord.gateway: For Shard ID None: WebSocket Event: {'t': 'MESSAGE_CREATE', 's': 5, 'op': 0, 'd': {'type': 0, 'tts': False, 'timestamp': '2022-03-12T02:52:15.631000+00:00', 'referenced_message': None, 'pinned': False, 'nonce': '952036273457987584', 'mentions': [], 'mention_roles': [], 'mention_everyone': False, 'member': {'roles': ['951971508828397628'], 'premium_since': None, 'pending': False, 'nick': None, 'mute': False, 'joined_at': '2022-03-07T22:50:40.655000+00:00', 'hoisted_role': None, 'deaf': False, 'communication_disabled_until': None, 'avatar': None}, 'id': '952036273709789205', 'flags': 0, 'embeds': [], 'edited_timestamp': None, 'content': 'test', 'components': [], 'channel_id': '881664503052398626', 'author': {'username': 'Jack_', 'public_flags': 0, 'id': '889604243680530463', 'discriminator': '8060', 'avatar': 'd6858b6347a875d90b9464b0fb90e774'}, 'attachments': [], 'guild_id': '881664503052398623'}}
2022-03-11 21:52:15,816:DEBUG:discord.client: Dispatching event socket_response
2022-03-11 21:52:15,816:DEBUG:discord.client: Dispatching event message
2022-03-11 21:52:17,846:DEBUG:discord.client: Dispatching event socket_raw_receive
2022-03-11 21:52:17,846:DEBUG:discord.gateway: For Shard ID None: WebSocket Event: {'t': 'MESSAGE_CREATE', 's': 6, 'op': 0, 'd': {'type': 0, 'tts': False, 'timestamp': '2022-03-12T02:52:17.440000+00:00', 'referenced_message': None, 'pinned': False, 'nonce': '952036280818991104', 'mentions': [], 'mention_roles': [], 'mention_everyone': False, 'member': {'roles': ['951971508828397628'], 'premium_since': None, 'pending': False, 'nick': None, 'mute': False, 'joined_at': '2022-03-07T22:50:40.655000+00:00', 'hoisted_role': None, 'deaf': False, 'communication_disabled_until': None, 'avatar': None}, 'id': '952036281297272852', 'flags': 0, 'embeds': [], 'edited_timestamp': None, 'content': '!ping', 'components': [], 'channel_id': '881664503052398626', 'author': {'username': 'Jack_', 'public_flags': 0, 'id': '889604243680530463', 'discriminator': '8060', 'avatar': 'd6858b6347a875d90b9464b0fb90e774'}, 'attachments': [], 'guild_id': '881664503052398623'}}
2022-03-11 21:52:17,846:DEBUG:discord.client: Dispatching event socket_response
2022-03-11 21:52:17,847:DEBUG:discord.client: Dispatching event message
2022-03-11 21:52:17,847:DEBUG:discord.client: Dispatching event command
2022-03-11 21:52:18,009:DEBUG:discord.client: Dispatching event socket_raw_receive
2022-03-11 21:52:18,010:DEBUG:discord.gateway: For Shard ID None: WebSocket Event: {'t': 'MESSAGE_CREATE', 's': 7, 'op': 0, 'd': {'type': 0, 'tts': False, 'timestamp': '2022-03-12T02:52:17.887000+00:00', 'referenced_message': None, 'pinned': False, 'mentions': [], 'mention_roles': [], 'mention_everyone': False, 'member': {'roles': ['950525884794826808'], 'mute': False, 'joined_at': '2022-03-07T22:50:30.931000+00:00', 'hoisted_role': None, 'deaf': False}, 'id': '952036283172134952', 'flags': 0, 'embeds': [], 'edited_timestamp': None, 'content': 'Pong!', 'components': [], 'channel_id': '881664503052398626', 'author': {'username': 'LeoMateoli', 'public_flags': 0, 'id': '950480498940051537', 'discriminator': '0456', 'bot': True, 'avatar': 'cce8a06a36a20e6d0497441b83533740'}, 'attachments': [], 'guild_id': '881664503052398623'}}
2022-03-11 21:52:18,010:DEBUG:discord.client: Dispatching event socket_response
2022-03-11 21:52:18,010:DEBUG:discord.client: Dispatching event message
2022-03-11 21:52:18,068:DEBUG:discord.http: POST https://discord.com/api/v7/channels/881664503052398626/messages with {"content":"Pong!"} has returned 200
2022-03-11 21:52:18,068:DEBUG:discord.http: POST https://discord.com/api/v7/channels/881664503052398626/messages has received {'id': '952036283172134952', 'type': 0, 'content': 'Pong!', 'channel_id': '881664503052398626', 'author': {'id': '950480498940051537', 'username': 'LeoMateoli', 'avatar': 'cce8a06a36a20e6d0497441b83533740', 'discriminator': '0456', 'public_flags': 0, 'bot': True}, 'attachments': [], 'embeds': [], 'mentions': [], 'mention_roles': [], 'pinned': False, 'mention_everyone': False, 'tts': False, 'timestamp': '2022-03-12T02:52:17.887000+00:00', 'edited_timestamp': None, 'flags': 0, 'components': [], 'referenced_message': None}
2022-03-11 21:52:18,249:DEBUG:discord.http: PATCH https://discord.com/api/v7/channels/881664503052398626/messages/952036283172134952 with {"content":"Pong! (ms=218)"} has returned 200
2022-03-11 21:52:18,250:DEBUG:discord.http: PATCH https://discord.com/api/v7/channels/881664503052398626/messages/952036283172134952 has received {'id': '952036283172134952', 'type': 0, 'content': 'Pong! (ms=218)', 'channel_id': '881664503052398626', 'author': {'id': '950480498940051537', 'username': 'LeoMateoli', 'avatar': 'cce8a06a36a20e6d0497441b83533740', 'discriminator': '0456', 'public_flags': 0, 'bot': True}, 'attachments': [], 'embeds': [], 'mentions': [], 'mention_roles': [], 'pinned': False, 'mention_everyone': False, 'tts': False, 'timestamp': '2022-03-12T02:52:17.887000+00:00', 'edited_timestamp': '2022-03-12T02:52:18.128904+00:00', 'flags': 0, 'components': []}
2022-03-11 21:52:18,250:DEBUG:discord.client: Dispatching event command_completion
2022-03-11 21:52:18,257:DEBUG:discord.client: Dispatching event socket_raw_receive
2022-03-11 21:52:18,257:DEBUG:discord.gateway: For Shard ID None: WebSocket Event: {'t': 'MESSAGE_UPDATE', 's': 8, 'op': 0, 'd': {'type': 0, 'tts': False, 'timestamp': '2022-03-12T02:52:17.887000+00:00', 'pinned': False, 'mentions': [], 'mention_roles': [], 'mention_everyone': False, 'member': {'roles': ['950525884794826808'], 'mute': False, 'joined_at': '2022-03-07T22:50:30.931000+00:00', 'hoisted_role': None, 'deaf': False}, 'id': '952036283172134952', 'flags': 0, 'embeds': [], 'edited_timestamp': '2022-03-12T02:52:18.128904+00:00', 'content': 'Pong! (ms=218)', 'components': [], 'channel_id': '881664503052398626', 'author': {'username': 'LeoMateoli', 'public_flags': 0, 'id': '950480498940051537', 'discriminator': '0456', 'bot': True, 'avatar': 'cce8a06a36a20e6d0497441b83533740'}, 'attachments': [], 'guild_id': '881664503052398623'}}
2022-03-11 21:52:18,257:DEBUG:discord.client: Dispatching event socket_response
2022-03-11 21:52:18,257:DEBUG:discord.client: Dispatching event raw_message_edit
2022-03-11 21:52:18,257:DEBUG:discord.client: Dispatching event message_edit
2022-03-11 21:52:20,496:DEBUG:discord.client: Dispatching event socket_raw_receive
2022-03-11 21:52:20,497:DEBUG:discord.gateway: For Shard ID None: WebSocket Event: {'t': 'TYPING_START', 's': 9, 'op': 0, 'd': {'user_id': '889604243680530463', 'timestamp': 1647053540, 'member': {'user': {'username': 'Jack_', 'id': '889604243680530463', 'discriminator': '8060', 'avatar': 'd6858b6347a875d90b9464b0fb90e774'}, 'roles': ['951971508828397628'], 'premium_since': None, 'pending': False, 'nick': None, 'mute': False, 'joined_at': '2022-03-07T22:50:40.655000+00:00', 'hoisted_role': None, 'deaf': False, 'communication_disabled_until': None, 'avatar': None}, 'channel_id': '881664503052398626', 'guild_id': '881664503052398623'}}
2022-03-11 21:52:20,497:DEBUG:discord.client: Dispatching event socket_response
2022-03-11 21:52:20,497:DEBUG:discord.client: Dispatching event typing
2022-03-11 21:52:22,084:DEBUG:discord.client: Dispatching event socket_raw_receive
2022-03-11 21:52:22,085:DEBUG:discord.gateway: For Shard ID None: WebSocket Event: {'t': 'MESSAGE_CREATE', 's': 10, 'op': 0, 'd': {'type': 0, 'tts': False, 'timestamp': '2022-03-12T02:52:21.953000+00:00', 'referenced_message': None, 'pinned': False, 'nonce': '952036299760467968', 'mentions': [], 'mention_roles': [], 'mention_everyone': False, 'member': {'roles': ['951971508828397628'], 'premium_since': None, 'pending': False, 'nick': None, 'mute': False, 'joined_at': '2022-03-07T22:50:40.655000+00:00', 'hoisted_role': None, 'deaf': False, 'communication_disabled_until': None, 'avatar': None}, 'id': '952036300226166794', 'flags': 0, 'embeds': [], 'edited_timestamp': None, 'content': '!sex', 'components': [], 'channel_id': '881664503052398626', 'author': {'username': 'Jack_', 'public_flags': 0, 'id': '889604243680530463', 'discriminator': '8060', 'avatar': 'd6858b6347a875d90b9464b0fb90e774'}, 'attachments': [], 'guild_id': '881664503052398623'}}
2022-03-11 21:52:22,085:DEBUG:discord.client: Dispatching event socket_response
2022-03-11 21:52:22,085:DEBUG:discord.client: Dispatching event message
2022-03-11 21:52:22,085:DEBUG:discord.client: Dispatching event command
2022-03-11 21:52:22,241:DEBUG:discord.http: PUT https://discord.com/api/v7/channels/881664503052398626/messages/952036300226166794/reactions/%F0%9F%8D%86/@me with None has returned 204
2022-03-11 21:52:22,241:DEBUG:discord.http: A rate limit bucket has been exhausted (bucket: 881664503052398626:None:/channels/{channel_id}/messages/{message_id}/reactions/{emoji}/@me, retry: 0.25).
2022-03-11 21:52:22,242:DEBUG:discord.http: PUT https://discord.com/api/v7/channels/881664503052398626/messages/952036300226166794/reactions/%F0%9F%8D%86/@me has received 
2022-03-11 21:52:22,263:DEBUG:discord.client: Dispatching event socket_raw_receive
2022-03-11 21:52:22,263:DEBUG:discord.gateway: For Shard ID None: WebSocket Event: {'t': 'MESSAGE_REACTION_ADD', 's': 11, 'op': 0, 'd': {'user_id': '950480498940051537', 'message_id': '952036300226166794', 'member': {'user': {'username': 'LeoMateoli', 'id': '950480498940051537', 'discriminator': '0456', 'bot': True, 'avatar': 'cce8a06a36a20e6d0497441b83533740'}, 'roles': ['950525884794826808'], 'mute': False, 'joined_at': '2022-03-07T22:50:30.931000+00:00', 'hoisted_role': None, 'deaf': False}, 'emoji': {'name': '🍆', 'id': None}, 'channel_id': '881664503052398626', 'guild_id': '881664503052398623'}}
2022-03-11 21:52:22,277:DEBUG:discord.client: Dispatching event socket_response
2022-03-11 21:52:22,278:DEBUG:discord.client: Dispatching event raw_reaction_add
2022-03-11 21:52:22,278:DEBUG:discord.client: Dispatching event reaction_add
2022-03-11 21:52:22,840:DEBUG:discord.client: Dispatching event socket_raw_receive
2022-03-11 21:52:22,841:DEBUG:discord.gateway: For Shard ID None: WebSocket Event: {'t': 'MESSAGE_REACTION_ADD', 's': 12, 'op': 0, 'd': {'user_id': '950480498940051537', 'message_id': '952036300226166794', 'member': {'user': {'username': 'LeoMateoli', 'id': '950480498940051537', 'discriminator': '0456', 'bot': True, 'avatar': 'cce8a06a36a20e6d0497441b83533740'}, 'roles': ['950525884794826808'], 'mute': False, 'joined_at': '2022-03-07T22:50:30.931000+00:00', 'hoisted_role': None, 'deaf': False}, 'emoji': {'name': '🍑', 'id': None}, 'channel_id': '881664503052398626', 'guild_id': '881664503052398623'}}
2022-03-11 21:52:22,841:DEBUG:discord.client: Dispatching event socket_response
2022-03-11 21:52:22,841:DEBUG:discord.client: Dispatching event raw_reaction_add
2022-03-11 21:52:22,841:DEBUG:discord.client: Dispatching event reaction_add
2022-03-11 21:52:22,851:DEBUG:discord.http: PUT https://discord.com/api/v7/channels/881664503052398626/messages/952036300226166794/reactions/%F0%9F%8D%91/@me with None has returned 204
2022-03-11 21:52:22,851:DEBUG:discord.http: A rate limit bucket has been exhausted (bucket: 881664503052398626:None:/channels/{channel_id}/messages/{message_id}/reactions/{emoji}/@me, retry: 0.25).
2022-03-11 21:52:22,851:DEBUG:discord.http: PUT https://discord.com/api/v7/channels/881664503052398626/messages/952036300226166794/reactions/%F0%9F%8D%91/@me has received 
2022-03-11 21:52:22,852:DEBUG:discord.client: Dispatching event command_completion
2022-03-11 21:52:24,065:DEBUG:discord.client: Dispatching event socket_raw_receive
2022-03-11 21:52:24,065:DEBUG:discord.gateway: For Shard ID None: WebSocket Event: {'t': 'TYPING_START', 's': 13, 'op': 0, 'd': {'user_id': '889604243680530463', 'timestamp': 1647053543, 'member': {'user': {'username': 'Jack_', 'id': '889604243680530463', 'discriminator': '8060', 'avatar': 'd6858b6347a875d90b9464b0fb90e774'}, 'roles': ['951971508828397628'], 'premium_since': None, 'pending': False, 'nick': None, 'mute': False, 'joined_at': '2022-03-07T22:50:40.655000+00:00', 'hoisted_role': None, 'deaf': False, 'communication_disabled_until': None, 'avatar': None}, 'channel_id': '881664503052398626', 'guild_id': '881664503052398623'}}
2022-03-11 21:52:24,066:DEBUG:discord.client: Dispatching event socket_response
2022-03-11 21:52:24,066:DEBUG:discord.client: Dispatching event typing
2022-03-11 21:52:24,159:DEBUG:discord.client: Dispatching event socket_raw_receive
2022-03-11 21:52:24,160:DEBUG:discord.gateway: For Shard ID None: WebSocket Event: {'t': 'MESSAGE_CREATE', 's': 14, 'op': 0, 'd': {'type': 0, 'tts': False, 'timestamp': '2022-03-12T02:52:23.923000+00:00', 'referenced_message': None, 'pinned': False, 'nonce': '952036308543340544', 'mentions': [], 'mention_roles': [], 'mention_everyone': False, 'member': {'roles': ['951971508828397628'], 'premium_since': None, 'pending': False, 'nick': None, 'mute': False, 'joined_at': '2022-03-07T22:50:40.655000+00:00', 'hoisted_role': None, 'deaf': False, 'communication_disabled_until': None, 'avatar': None}, 'id': '952036308488962070', 'flags': 0, 'embeds': [], 'edited_timestamp': None, 'content': '!sexo', 'components': [], 'channel_id': '881664503052398626', 'author': {'username': 'Jack_', 'public_flags': 0, 'id': '889604243680530463', 'discriminator': '8060', 'avatar': 'd6858b6347a875d90b9464b0fb90e774'}, 'attachments': [], 'guild_id': '881664503052398623'}}
2022-03-11 21:52:24,160:DEBUG:discord.client: Dispatching event socket_response
2022-03-11 21:52:24,160:DEBUG:discord.client: Dispatching event message
2022-03-11 21:52:24,160:DEBUG:discord.client: Dispatching event command
2022-03-11 21:52:24,401:DEBUG:discord.client: Dispatching event socket_raw_receive
2022-03-11 21:52:24,401:DEBUG:discord.gateway: For Shard ID None: WebSocket Event: {'t': 'MESSAGE_CREATE', 's': 15, 'op': 0, 'd': {'type': 0, 'tts': False, 'timestamp': '2022-03-12T02:52:24.277000+00:00', 'referenced_message': None, 'pinned': False, 'mentions': [], 'mention_roles': [], 'mention_everyone': False, 'member': {'roles': ['950525884794826808'], 'mute': False, 'joined_at': '2022-03-07T22:50:30.931000+00:00', 'hoisted_role': None, 'deaf': False}, 'id': '952036309973733426', 'flags': 0, 'embeds': [], 'edited_timestamp': None, 'content': '**SEXOO**', 'components': [], 'channel_id': '881664503052398626', 'author': {'username': 'LeoMateoli', 'public_flags': 0, 'id': '950480498940051537', 'discriminator': '0456', 'bot': True, 'avatar': 'cce8a06a36a20e6d0497441b83533740'}, 'attachments': [], 'guild_id': '881664503052398623'}}
2022-03-11 21:52:24,402:DEBUG:discord.client: Dispatching event socket_response
2022-03-11 21:52:24,402:DEBUG:discord.client: Dispatching event message
2022-03-11 21:52:24,429:DEBUG:discord.http: POST https://discord.com/api/v7/channels/881664503052398626/messages with {"content":"**SEXOO**"} has returned 200
2022-03-11 21:52:24,430:DEBUG:discord.http: POST https://discord.com/api/v7/channels/881664503052398626/messages has received {'id': '952036309973733426', 'type': 0, 'content': '**SEXOO**', 'channel_id': '881664503052398626', 'author': {'id': '950480498940051537', 'username': 'LeoMateoli', 'avatar': 'cce8a06a36a20e6d0497441b83533740', 'discriminator': '0456', 'public_flags': 0, 'bot': True}, 'attachments': [], 'embeds': [], 'mentions': [], 'mention_roles': [], 'pinned': False, 'mention_everyone': False, 'tts': False, 'timestamp': '2022-03-12T02:52:24.277000+00:00', 'edited_timestamp': None, 'flags': 0, 'components': [], 'referenced_message': None}
2022-03-11 21:52:24,599:DEBUG:discord.http: PUT https://discord.com/api/v7/channels/881664503052398626/messages/952036309973733426/reactions/%F0%9F%8D%86/@me with None has returned 204
2022-03-11 21:52:24,600:DEBUG:discord.http: A rate limit bucket has been exhausted (bucket: 881664503052398626:None:/channels/{channel_id}/messages/{message_id}/reactions/{emoji}/@me, retry: 0.25).
2022-03-11 21:52:24,600:DEBUG:discord.http: PUT https://discord.com/api/v7/channels/881664503052398626/messages/952036309973733426/reactions/%F0%9F%8D%86/@me has received 
2022-03-11 21:52:24,608:DEBUG:discord.client: Dispatching event socket_raw_receive
2022-03-11 21:52:24,608:DEBUG:discord.gateway: For Shard ID None: WebSocket Event: {'t': 'MESSAGE_REACTION_ADD', 's': 16, 'op': 0, 'd': {'user_id': '950480498940051537', 'message_id': '952036309973733426', 'member': {'user': {'username': 'LeoMateoli', 'id': '950480498940051537', 'discriminator': '0456', 'bot': True, 'avatar': 'cce8a06a36a20e6d0497441b83533740'}, 'roles': ['950525884794826808'], 'mute': False, 'joined_at': '2022-03-07T22:50:30.931000+00:00', 'hoisted_role': None, 'deaf': False}, 'emoji': {'name': '🍆', 'id': None}, 'channel_id': '881664503052398626', 'guild_id': '881664503052398623'}}
2022-03-11 21:52:24,608:DEBUG:discord.client: Dispatching event socket_response
2022-03-11 21:52:24,609:DEBUG:discord.client: Dispatching event raw_reaction_add
2022-03-11 21:52:24,609:DEBUG:discord.client: Dispatching event reaction_add
2022-03-11 21:52:25,125:DEBUG:discord.http: PUT https://discord.com/api/v7/channels/881664503052398626/messages/952036309973733426/reactions/%F0%9F%8D%91/@me with None has returned 204
2022-03-11 21:52:25,125:DEBUG:discord.http: A rate limit bucket has been exhausted (bucket: 881664503052398626:None:/channels/{channel_id}/messages/{message_id}/reactions/{emoji}/@me, retry: 0.25).
2022-03-11 21:52:25,125:DEBUG:discord.http: PUT https://discord.com/api/v7/channels/881664503052398626/messages/952036309973733426/reactions/%F0%9F%8D%91/@me has received 
2022-03-11 21:52:25,125:DEBUG:discord.client: Dispatching event command_completion
2022-03-11 21:52:25,131:DEBUG:discord.client: Dispatching event socket_raw_receive
2022-03-11 21:52:25,132:DEBUG:discord.gateway: For Shard ID None: WebSocket Event: {'t': 'MESSAGE_REACTION_ADD', 's': 17, 'op': 0, 'd': {'user_id': '950480498940051537', 'message_id': '952036309973733426', 'member': {'user': {'username': 'LeoMateoli', 'id': '950480498940051537', 'discriminator': '0456', 'bot': True, 'avatar': 'cce8a06a36a20e6d0497441b83533740'}, 'roles': ['950525884794826808'], 'mute': False, 'joined_at': '2022-03-07T22:50:30.931000+00:00', 'hoisted_role': None, 'deaf': False}, 'emoji': {'name': '🍑', 'id': None}, 'channel_id': '881664503052398626', 'guild_id': '881664503052398623'}}
2022-03-11 21:52:25,132:DEBUG:discord.client: Dispatching event socket_response
2022-03-11 21:52:25,132:DEBUG:discord.client: Dispatching event raw_reaction_add
2022-03-11 21:52:25,132:DEBUG:discord.client: Dispatching event reaction_add
2022-03-11 21:52:46,174:DEBUG:discord.gateway: Keeping shard ID None websocket alive with sequence 17.
2022-03-11 21:52:46,269:DEBUG:discord.client: Dispatching event socket_raw_receive
2022-03-11 21:52:46,269:DEBUG:discord.gateway: For Shard ID None: WebSocket Event: {'t': None, 's': None, 'op': 11, 'd': None}
2022-03-11 21:52:46,269:DEBUG:discord.client: Dispatching event socket_response
2022-03-11 21:52:52,005:DEBUG:discord.client: Dispatching event socket_raw_receive
2022-03-11 21:52:52,005:DEBUG:discord.gateway: For Shard ID None: WebSocket Event: {'t': 'TYPING_START', 's': 18, 'op': 0, 'd': {'user_id': '889604243680530463', 'timestamp': 1647053571, 'member': {'user': {'username': 'Jack_', 'id': '889604243680530463', 'discriminator': '8060', 'avatar': 'd6858b6347a875d90b9464b0fb90e774'}, 'roles': ['951971508828397628'], 'premium_since': None, 'pending': False, 'nick': None, 'mute': False, 'joined_at': '2022-03-07T22:50:40.655000+00:00', 'hoisted_role': None, 'deaf': False, 'communication_disabled_until': None, 'avatar': None}, 'channel_id': '881664503052398626', 'guild_id': '881664503052398623'}}
2022-03-11 21:52:52,006:DEBUG:discord.client: Dispatching event socket_response
2022-03-11 21:52:52,006:DEBUG:discord.client: Dispatching event typing
2022-03-11 21:52:52,455:DEBUG:discord.client: Dispatching event socket_raw_receive
2022-03-11 21:52:52,455:DEBUG:discord.gateway: For Shard ID None: WebSocket Event: {'t': 'MESSAGE_CREATE', 's': 19, 'op': 0, 'd': {'type': 0, 'tts': False, 'timestamp': '2022-03-12T02:52:52.321000+00:00', 'referenced_message': None, 'pinned': False, 'nonce': '952036427141480448', 'mentions': [], 'mention_roles': [], 'mention_everyone': False, 'member': {'roles': ['951971508828397628'], 'premium_since': None, 'pending': False, 'nick': None, 'mute': False, 'joined_at': '2022-03-07T22:50:40.655000+00:00', 'hoisted_role': None, 'deaf': False, 'communication_disabled_until': None, 'avatar': None}, 'id': '952036427598823434', 'flags': 0, 'embeds': [], 'edited_timestamp': None, 'content': '!apagar', 'components': [], 'channel_id': '881664503052398626', 'author': {'username': 'Jack_', 'public_flags': 0, 'id': '889604243680530463', 'discriminator': '8060', 'avatar': 'd6858b6347a875d90b9464b0fb90e774'}, 'attachments': [], 'guild_id': '881664503052398623'}}
2022-03-11 21:52:52,455:DEBUG:discord.client: Dispatching event socket_response
2022-03-11 21:52:52,456:DEBUG:discord.client: Dispatching event message
2022-03-11 21:52:52,456:DEBUG:discord.client: Dispatching event command
2022-03-11 21:52:52,788:DEBUG:discord.client: Dispatching event socket_raw_receive
2022-03-11 21:52:52,788:DEBUG:discord.gateway: For Shard ID None: WebSocket Event: {'t': 'MESSAGE_CREATE', 's': 20, 'op': 0, 'd': {'type': 0, 'tts': False, 'timestamp': '2022-03-12T02:52:52.652000+00:00', 'referenced_message': None, 'pinned': False, 'mentions': [], 'mention_roles': [], 'mention_everyone': False, 'member': {'roles': ['950525884794826808'], 'mute': False, 'joined_at': '2022-03-07T22:50:30.931000+00:00', 'hoisted_role': None, 'deaf': False}, 'id': '952036428987129897', 'flags': 0, 'embeds': [], 'edited_timestamp': None, 'content': 'Apagando el bot ...', 'components': [], 'channel_id': '881664503052398626', 'author': {'username': 'LeoMateoli', 'public_flags': 0, 'id': '950480498940051537', 'discriminator': '0456', 'bot': True, 'avatar': 'cce8a06a36a20e6d0497441b83533740'}, 'attachments': [], 'guild_id': '881664503052398623'}}
2022-03-11 21:52:52,788:DEBUG:discord.client: Dispatching event socket_response
2022-03-11 21:52:52,788:DEBUG:discord.client: Dispatching event message
2022-03-11 21:52:52,836:DEBUG:discord.http: POST https://discord.com/api/v7/channels/881664503052398626/messages with {"content":"Apagando el bot ..."} has returned 200
2022-03-11 21:52:52,836:DEBUG:discord.http: POST https://discord.com/api/v7/channels/881664503052398626/messages has received {'id': '952036428987129897', 'type': 0, 'content': 'Apagando el bot ...', 'channel_id': '881664503052398626', 'author': {'id': '950480498940051537', 'username': 'LeoMateoli', 'avatar': 'cce8a06a36a20e6d0497441b83533740', 'discriminator': '0456', 'public_flags': 0, 'bot': True}, 'attachments': [], 'embeds': [], 'mentions': [], 'mention_roles': [], 'pinned': False, 'mention_everyone': False, 'tts': False, 'timestamp': '2022-03-12T02:52:52.652000+00:00', 'edited_timestamp': None, 'flags': 0, 'components': [], 'referenced_message': None}
2022-03-11 21:52:52,846:DEBUG:discord.gateway: Received WSMessage(type=<WSMsgType.CLOSING: 256>, data=None, extra=None)
2022-03-11 21:52:52,847:INFO:discord.gateway: Websocket closed with 1000, cannot reconnect.
2022-03-11 21:52:52,847:DEBUG:discord.client: Dispatching event disconnect
2022-03-11 21:52:52,847:DEBUG:discord.client: Dispatching event command_completion
2022-03-11 21:52:52,847:INFO:discord.client: Cleaning up tasks.
2022-03-11 21:52:52,848:INFO:discord.client: Closing the event loop.
